[2021-12-16 16:47:51.965] [info] Resources files: /home/francois/.config/waybar/config, /home/francois/.config/waybar/style.css
[2021-12-16 16:47:51.976] [warning] module backlight: Disabling module "backlight", No backlight found
[2021-12-16 16:47:51.976] [warning] module battery: Disabling module "battery", No batteries.
[2021-12-16 16:47:51.977] [warning] For a functional tray you must have libappindicator-* installed and export XDG_CURRENT_DESKTOP=Unity

** (waybar:42847): WARNING **: 16:47:51.985: gtk-layer-shell v0.6.0 may not work on GTK v3.24.30. If you experience crashes, check https://github.com/wmww/gtk-layer-shell/blob/master/compatibility.md
[2021-12-16 16:47:52.011] [info] Bar configured (width: 1920, height: 35) for output: VGA-1
[2021-12-16 16:47:52.974] [error] mpd: Failed to connect to MPD: Connection refused
[2021-12-16 16:48:02.975] [error] mpd: Failed to connect to MPD: Connection refused
[2021-12-16 16:48:12.976] [error] mpd: Failed to connect to MPD: Connection refused
[2021-12-16 16:48:22.978] [error] mpd: Failed to connect to MPD: Connection refused
[2021-12-16 16:48:32.980] [error] mpd: Failed to connect to MPD: Connection refused
[2021-12-16 16:48:42.981] [error] mpd: Failed to connect to MPD: Connection refused
[2021-12-16 16:48:52.983] [error] mpd: Failed to connect to MPD: Connection refused
[2021-12-16 16:49:02.985] [error] mpd: Failed to connect to MPD: Connection refused
[2021-12-16 16:49:12.986] [error] mpd: Failed to connect to MPD: Connection refused
[2021-12-16 16:49:22.987] [error] mpd: Failed to connect to MPD: Connection refused
[2021-12-16 16:49:32.988] [error] mpd: Failed to connect to MPD: Connection refused
[2021-12-16 16:49:42.990] [error] mpd: Failed to connect to MPD: Connection refused
[2021-12-16 16:49:52.992] [error] mpd: Failed to connect to MPD: Connection refused
[2021-12-16 16:50:02.995] [error] mpd: Failed to connect to MPD: Connection refused
[2021-12-16 16:50:12.997] [error] mpd: Failed to connect to MPD: Connection refused
[2021-12-16 16:50:22.999] [error] mpd: Failed to connect to MPD: Connection refused
[2021-12-16 16:50:33.001] [error] mpd: Failed to connect to MPD: Connection refused
[2021-12-16 16:50:43.003] [error] mpd: Failed to connect to MPD: Connection refused
[2021-12-16 16:50:53.005] [error] mpd: Failed to connect to MPD: Connection refused
[2021-12-16 16:51:03.006] [error] mpd: Failed to connect to MPD: Connection refused
[2021-12-16 16:51:13.008] [error] mpd: Failed to connect to MPD: Connection refused
[2021-12-16 16:51:23.010] [error] mpd: Failed to connect to MPD: Connection refused
[2021-12-16 16:51:33.012] [error] mpd: Failed to connect to MPD: Connection refused
[2021-12-16 16:51:43.015] [error] mpd: Failed to connect to MPD: Connection refused
[2021-12-16 16:51:53.017] [error] mpd: Failed to connect to MPD: Connection refused
[2021-12-16 16:52:03.018] [error] mpd: Failed to connect to MPD: Connection refused
[2021-12-16 16:52:13.019] [error] mpd: Failed to connect to MPD: Connection refused
[2021-12-16 16:52:23.021] [error] mpd: Failed to connect to MPD: Connection refused

** (waybar:42847): WARNING **: 16:52:25.709: Status Notifier Item with bus name ':1.1860' and object path '/org/ayatana/NotificationItem/discord1' is already registered
[2021-12-16 16:52:33.023] [error] mpd: Failed to connect to MPD: Connection refused
[2021-12-16 16:52:43.024] [error] mpd: Failed to connect to MPD: Connection refused
[2021-12-16 16:52:53.025] [error] mpd: Failed to connect to MPD: Connection refused
[2021-12-16 16:53:03.026] [error] mpd: Failed to connect to MPD: Connection refused
[2021-12-16 16:53:13.027] [error] mpd: Failed to connect to MPD: Connection refused
[2021-12-16 16:53:23.029] [error] mpd: Failed to connect to MPD: Connection refused
[2021-12-16 16:53:33.031] [error] mpd: Failed to connect to MPD: Connection refused
[2021-12-16 16:53:43.033] [error] mpd: Failed to connect to MPD: Connection refused
[2021-12-16 16:53:53.035] [error] mpd: Failed to connect to MPD: Connection refused
[2021-12-16 16:54:03.036] [error] mpd: Failed to connect to MPD: Connection refused
[2021-12-16 16:54:13.037] [error] mpd: Failed to connect to MPD: Connection refused
[2021-12-16 16:54:23.039] [error] mpd: Failed to connect to MPD: Connection refused
[2021-12-16 16:54:33.041] [error] mpd: Failed to connect to MPD: Connection refused
[2021-12-16 16:54:43.043] [error] mpd: Failed to connect to MPD: Connection refused
[2021-12-16 16:54:53.045] [error] mpd: Failed to connect to MPD: Connection refused
[2021-12-16 16:55:03.047] [error] mpd: Failed to connect to MPD: Connection refused
[2021-12-16 16:55:13.048] [error] mpd: Failed to connect to MPD: Connection refused
[2021-12-16 16:55:23.050] [error] mpd: Failed to connect to MPD: Connection refused
[2021-12-16 16:55:33.052] [error] mpd: Failed to connect to MPD: Connection refused
[2021-12-16 16:55:43.054] [error] mpd: Failed to connect to MPD: Connection refused
[2021-12-16 16:55:53.055] [error] mpd: Failed to connect to MPD: Connection refused
[2021-12-16 16:56:03.056] [error] mpd: Failed to connect to MPD: Connection refused
[2021-12-16 16:56:13.058] [error] mpd: Failed to connect to MPD: Connection refused
[2021-12-16 16:56:23.060] [error] mpd: Failed to connect to MPD: Connection refused
[2021-12-16 16:56:33.062] [error] mpd: Failed to connect to MPD: Connection refused
[2021-12-16 16:56:43.063] [error] mpd: Failed to connect to MPD: Connection refused
[2021-12-16 16:56:53.065] [error] mpd: Failed to connect to MPD: Connection refused
[2021-12-16 16:57:03.067] [error] mpd: Failed to connect to MPD: Connection refused
[2021-12-16 16:57:13.069] [error] mpd: Failed to connect to MPD: Connection refused
[2021-12-16 16:57:23.069] [error] mpd: Failed to connect to MPD: Connection refused
[2021-12-16 16:57:33.071] [error] mpd: Failed to connect to MPD: Connection refused
[2021-12-16 16:57:43.073] [error] mpd: Failed to connect to MPD: Connection refused
[2021-12-16 16:57:53.074] [error] mpd: Failed to connect to MPD: Connection refused
[2021-12-16 16:58:03.075] [error] mpd: Failed to connect to MPD: Connection refused
[2021-12-16 16:58:13.077] [error] mpd: Failed to connect to MPD: Connection refused
[2021-12-16 16:58:23.079] [error] mpd: Failed to connect to MPD: Connection refused
[2021-12-16 16:58:33.081] [error] mpd: Failed to connect to MPD: Connection refused
[2021-12-16 16:58:43.083] [error] mpd: Failed to connect to MPD: Connection refused
[2021-12-16 16:58:53.085] [error] mpd: Failed to connect to MPD: Connection refused
[2021-12-16 16:59:03.087] [error] mpd: Failed to connect to MPD: Connection refused
[2021-12-16 16:59:13.087] [error] mpd: Failed to connect to MPD: Connection refused
[2021-12-16 16:59:23.089] [error] mpd: Failed to connect to MPD: Connection refused
[2021-12-16 16:59:33.091] [error] mpd: Failed to connect to MPD: Connection refused
[2021-12-16 16:59:43.093] [error] mpd: Failed to connect to MPD: Connection refused
[2021-12-16 16:59:53.095] [error] mpd: Failed to connect to MPD: Connection refused
[2021-12-16 17:00:03.097] [error] mpd: Failed to connect to MPD: Connection refused
[2021-12-16 17:00:13.100] [error] mpd: Failed to connect to MPD: Connection refused
[2021-12-16 17:00:23.101] [error] mpd: Failed to connect to MPD: Connection refused
[2021-12-16 17:00:33.104] [error] mpd: Failed to connect to MPD: Connection refused
[2021-12-16 17:00:43.106] [error] mpd: Failed to connect to MPD: Connection refused
[2021-12-16 17:00:53.108] [error] mpd: Failed to connect to MPD: Connection refused
[2021-12-16 17:01:03.110] [error] mpd: Failed to connect to MPD: Connection refused
[2021-12-16 17:01:13.112] [error] mpd: Failed to connect to MPD: Connection refused
[2021-12-16 17:01:23.114] [error] mpd: Failed to connect to MPD: Connection refused
[2021-12-16 17:01:33.116] [error] mpd: Failed to connect to MPD: Connection refused
[2021-12-16 17:01:43.118] [error] mpd: Failed to connect to MPD: Connection refused
[2021-12-16 17:01:53.120] [error] mpd: Failed to connect to MPD: Connection refused
[2021-12-16 17:02:03.121] [error] mpd: Failed to connect to MPD: Connection refused
[2021-12-16 17:02:13.123] [error] mpd: Failed to connect to MPD: Connection refused
[2021-12-16 17:02:23.125] [error] mpd: Failed to connect to MPD: Connection refused
[2021-12-16 17:02:33.127] [error] mpd: Failed to connect to MPD: Connection refused
[2021-12-16 17:02:43.128] [error] mpd: Failed to connect to MPD: Connection refused
[2021-12-16 17:02:53.130] [error] mpd: Failed to connect to MPD: Connection refused
[2021-12-16 17:03:03.131] [error] mpd: Failed to connect to MPD: Connection refused
[2021-12-16 17:03:13.133] [error] mpd: Failed to connect to MPD: Connection refused
[2021-12-16 17:03:23.135] [error] mpd: Failed to connect to MPD: Connection refused
[2021-12-16 17:03:33.137] [error] mpd: Failed to connect to MPD: Connection refused
[2021-12-16 17:03:43.138] [error] mpd: Failed to connect to MPD: Connection refused
[2021-12-16 17:03:53.140] [error] mpd: Failed to connect to MPD: Connection refused
[2021-12-16 17:04:03.142] [error] mpd: Failed to connect to MPD: Connection refused
[2021-12-16 17:04:13.144] [error] mpd: Failed to connect to MPD: Connection refused
[2021-12-16 17:04:23.146] [error] mpd: Failed to connect to MPD: Connection refused
[2021-12-16 17:04:33.148] [error] mpd: Failed to connect to MPD: Connection refused
[2021-12-16 17:04:43.150] [error] mpd: Failed to connect to MPD: Connection refused
[2021-12-16 17:04:53.152] [error] mpd: Failed to connect to MPD: Connection refused
[2021-12-16 17:05:03.154] [error] mpd: Failed to connect to MPD: Connection refused
[2021-12-16 17:05:13.157] [error] mpd: Failed to connect to MPD: Connection refused
[2021-12-16 17:05:23.158] [error] mpd: Failed to connect to MPD: Connection refused
[2021-12-16 17:05:33.160] [error] mpd: Failed to connect to MPD: Connection refused
[2021-12-16 17:05:43.161] [error] mpd: Failed to connect to MPD: Connection refused
[2021-12-16 17:05:53.163] [error] mpd: Failed to connect to MPD: Connection refused
[2021-12-16 17:06:03.165] [error] mpd: Failed to connect to MPD: Connection refused
[2021-12-16 17:06:13.167] [error] mpd: Failed to connect to MPD: Connection refused
[2021-12-16 17:06:23.169] [error] mpd: Failed to connect to MPD: Connection refused
[2021-12-16 17:06:33.171] [error] mpd: Failed to connect to MPD: Connection refused
[2021-12-16 17:06:43.173] [error] mpd: Failed to connect to MPD: Connection refused
[2021-12-16 17:06:53.175] [error] mpd: Failed to connect to MPD: Connection refused
[2021-12-16 17:07:03.176] [error] mpd: Failed to connect to MPD: Connection refused
[2021-12-16 17:07:13.178] [error] mpd: Failed to connect to MPD: Connection refused
[2021-12-16 17:07:23.180] [error] mpd: Failed to connect to MPD: Connection refused
[2021-12-16 17:07:33.182] [error] mpd: Failed to connect to MPD: Connection refused
[2021-12-16 17:07:43.184] [error] mpd: Failed to connect to MPD: Connection refused
[2021-12-16 17:07:53.186] [error] mpd: Failed to connect to MPD: Connection refused
[2021-12-16 17:08:03.188] [error] mpd: Failed to connect to MPD: Connection refused
[2021-12-16 17:08:13.190] [error] mpd: Failed to connect to MPD: Connection refused
[2021-12-16 17:08:23.191] [error] mpd: Failed to connect to MPD: Connection refused
[2021-12-16 17:08:33.193] [error] mpd: Failed to connect to MPD: Connection refused
[2021-12-16 17:08:43.196] [error] mpd: Failed to connect to MPD: Connection refused
[2021-12-16 17:08:53.197] [error] mpd: Failed to connect to MPD: Connection refused
[2021-12-16 17:09:03.198] [error] mpd: Failed to connect to MPD: Connection refused
[2021-12-16 17:09:13.199] [error] mpd: Failed to connect to MPD: Connection refused
[2021-12-16 17:09:23.200] [error] mpd: Failed to connect to MPD: Connection refused
[2021-12-16 17:09:33.201] [error] mpd: Failed to connect to MPD: Connection refused
[2021-12-16 17:09:43.203] [error] mpd: Failed to connect to MPD: Connection refused
[2021-12-16 17:09:53.204] [error] mpd: Failed to connect to MPD: Connection refused
[2021-12-16 17:10:03.205] [error] mpd: Failed to connect to MPD: Connection refused
[2021-12-16 17:10:13.206] [error] mpd: Failed to connect to MPD: Connection refused
[2021-12-16 17:10:23.208] [error] mpd: Failed to connect to MPD: Connection refused
[2021-12-16 17:10:33.211] [error] mpd: Failed to connect to MPD: Connection refused
[2021-12-16 17:10:43.213] [error] mpd: Failed to connect to MPD: Connection refused
[2021-12-16 17:10:53.215] [error] mpd: Failed to connect to MPD: Connection refused
[2021-12-16 17:11:03.217] [error] mpd: Failed to connect to MPD: Connection refused
[2021-12-16 17:11:13.218] [error] mpd: Failed to connect to MPD: Connection refused
[2021-12-16 17:11:23.219] [error] mpd: Failed to connect to MPD: Connection refused
[2021-12-16 17:11:33.220] [error] mpd: Failed to connect to MPD: Connection refused
[2021-12-16 17:11:43.221] [error] mpd: Failed to connect to MPD: Connection refused
[2021-12-16 17:11:53.223] [error] mpd: Failed to connect to MPD: Connection refused
[2021-12-16 17:12:03.225] [error] mpd: Failed to connect to MPD: Connection refused
[2021-12-16 17:12:13.227] [error] mpd: Failed to connect to MPD: Connection refused
[2021-12-16 17:12:23.229] [error] mpd: Failed to connect to MPD: Connection refused
[2021-12-16 17:12:33.231] [error] mpd: Failed to connect to MPD: Connection refused
[2021-12-16 17:12:43.233] [error] mpd: Failed to connect to MPD: Connection refused
[2021-12-16 17:12:53.235] [error] mpd: Failed to connect to MPD: Connection refused
[2021-12-16 17:13:03.237] [error] mpd: Failed to connect to MPD: Connection refused
[2021-12-16 17:13:13.238] [error] mpd: Failed to connect to MPD: Connection refused
[2021-12-16 17:13:23.240] [error] mpd: Failed to connect to MPD: Connection refused
[2021-12-16 17:13:33.242] [error] mpd: Failed to connect to MPD: Connection refused
[2021-12-16 17:13:43.244] [error] mpd: Failed to connect to MPD: Connection refused
[2021-12-16 17:13:53.247] [error] mpd: Failed to connect to MPD: Connection refused
[2021-12-16 17:14:03.249] [error] mpd: Failed to connect to MPD: Connection refused
[2021-12-16 17:14:13.251] [error] mpd: Failed to connect to MPD: Connection refused
[2021-12-16 17:14:23.253] [error] mpd: Failed to connect to MPD: Connection refused
[2021-12-16 17:14:33.255] [error] mpd: Failed to connect to MPD: Connection refused
[2021-12-16 17:14:43.257] [error] mpd: Failed to connect to MPD: Connection refused
[2021-12-16 17:14:53.259] [error] mpd: Failed to connect to MPD: Connection refused
[2021-12-16 17:15:03.261] [error] mpd: Failed to connect to MPD: Connection refused
[2021-12-16 17:15:13.263] [error] mpd: Failed to connect to MPD: Connection refused
[2021-12-16 17:15:23.265] [error] mpd: Failed to connect to MPD: Connection refused
[2021-12-16 17:15:33.268] [error] mpd: Failed to connect to MPD: Connection refused
[2021-12-16 17:15:43.270] [error] mpd: Failed to connect to MPD: Connection refused
[2021-12-16 17:15:53.271] [error] mpd: Failed to connect to MPD: Connection refused
[2021-12-16 17:16:03.274] [error] mpd: Failed to connect to MPD: Connection refused
[2021-12-16 17:16:13.275] [error] mpd: Failed to connect to MPD: Connection refused
[2021-12-16 17:16:23.277] [error] mpd: Failed to connect to MPD: Connection refused
[2021-12-16 17:16:33.279] [error] mpd: Failed to connect to MPD: Connection refused
[2021-12-16 17:16:43.281] [error] mpd: Failed to connect to MPD: Connection refused
[2021-12-16 17:16:53.283] [error] mpd: Failed to connect to MPD: Connection refused
[2021-12-16 17:17:03.285] [error] mpd: Failed to connect to MPD: Connection refused
[2021-12-16 17:17:13.287] [error] mpd: Failed to connect to MPD: Connection refused
[2021-12-16 17:17:23.288] [error] mpd: Failed to connect to MPD: Connection refused
[2021-12-16 17:17:33.290] [error] mpd: Failed to connect to MPD: Connection refused
[2021-12-16 17:17:43.291] [error] mpd: Failed to connect to MPD: Connection refused
[2021-12-16 17:17:53.293] [error] mpd: Failed to connect to MPD: Connection refused
[2021-12-16 17:18:03.295] [error] mpd: Failed to connect to MPD: Connection refused
[2021-12-16 17:18:13.297] [error] mpd: Failed to connect to MPD: Connection refused
[2021-12-16 17:18:23.299] [error] mpd: Failed to connect to MPD: Connection refused
[2021-12-16 17:18:33.301] [error] mpd: Failed to connect to MPD: Connection refused
[2021-12-16 17:18:43.303] [error] mpd: Failed to connect to MPD: Connection refused
[2021-12-16 17:18:53.305] [error] mpd: Failed to connect to MPD: Connection refused
[2021-12-16 17:19:03.308] [error] mpd: Failed to connect to MPD: Connection refused
[2021-12-16 17:19:13.310] [error] mpd: Failed to connect to MPD: Connection refused
[2021-12-16 17:19:23.311] [error] mpd: Failed to connect to MPD: Connection refused
[2021-12-16 17:19:33.313] [error] mpd: Failed to connect to MPD: Connection refused
[2021-12-16 17:19:43.315] [error] mpd: Failed to connect to MPD: Connection refused
[2021-12-16 17:19:53.317] [error] mpd: Failed to connect to MPD: Connection refused
[2021-12-16 17:20:03.319] [error] mpd: Failed to connect to MPD: Connection refused
[2021-12-16 17:20:13.321] [error] mpd: Failed to connect to MPD: Connection refused
[2021-12-16 17:20:23.323] [error] mpd: Failed to connect to MPD: Connection refused
[2021-12-16 17:20:33.325] [error] mpd: Failed to connect to MPD: Connection refused
[2021-12-16 17:20:43.328] [error] mpd: Failed to connect to MPD: Connection refused
[2021-12-16 17:20:53.330] [error] mpd: Failed to connect to MPD: Connection refused
[2021-12-16 17:21:03.332] [error] mpd: Failed to connect to MPD: Connection refused
[2021-12-16 17:21:13.334] [error] mpd: Failed to connect to MPD: Connection refused
[2021-12-16 17:21:23.336] [error] mpd: Failed to connect to MPD: Connection refused
[2021-12-16 17:21:33.338] [error] mpd: Failed to connect to MPD: Connection refused
[2021-12-16 17:21:43.340] [error] mpd: Failed to connect to MPD: Connection refused
[2021-12-16 17:21:53.342] [error] mpd: Failed to connect to MPD: Connection refused
[2021-12-16 17:22:03.344] [error] mpd: Failed to connect to MPD: Connection refused
[2021-12-16 17:22:13.346] [error] mpd: Failed to connect to MPD: Connection refused
[2021-12-16 17:22:23.349] [error] mpd: Failed to connect to MPD: Connection refused
[2021-12-16 17:22:33.351] [error] mpd: Failed to connect to MPD: Connection refused
[2021-12-16 17:22:43.353] [error] mpd: Failed to connect to MPD: Connection refused
[2021-12-16 17:22:53.354] [error] mpd: Failed to connect to MPD: Connection refused
[2021-12-16 17:23:03.356] [error] mpd: Failed to connect to MPD: Connection refused
[2021-12-16 17:23:13.357] [error] mpd: Failed to connect to MPD: Connection refused
[2021-12-16 17:23:23.358] [error] mpd: Failed to connect to MPD: Connection refused
[2021-12-16 17:23:33.360] [error] mpd: Failed to connect to MPD: Connection refused
[2021-12-16 17:23:43.362] [error] mpd: Failed to connect to MPD: Connection refused
[2021-12-16 17:23:53.365] [error] mpd: Failed to connect to MPD: Connection refused
[2021-12-16 17:24:03.367] [error] mpd: Failed to connect to MPD: Connection refused
[2021-12-16 17:24:13.368] [error] mpd: Failed to connect to MPD: Connection refused
[2021-12-16 17:24:23.370] [error] mpd: Failed to connect to MPD: Connection refused
[2021-12-16 17:24:33.372] [error] mpd: Failed to connect to MPD: Connection refused
[2021-12-16 17:24:43.373] [error] mpd: Failed to connect to MPD: Connection refused
[2021-12-16 17:24:53.375] [error] mpd: Failed to connect to MPD: Connection refused
[2021-12-16 17:25:03.377] [error] mpd: Failed to connect to MPD: Connection refused
[2021-12-16 17:25:13.378] [error] mpd: Failed to connect to MPD: Connection refused
[2021-12-16 17:25:23.380] [error] mpd: Failed to connect to MPD: Connection refused
[2021-12-16 17:25:33.382] [error] mpd: Failed to connect to MPD: Connection refused
[2021-12-16 17:25:43.383] [error] mpd: Failed to connect to MPD: Connection refused
[2021-12-16 17:25:53.385] [error] mpd: Failed to connect to MPD: Connection refused
[2021-12-16 17:26:03.387] [error] mpd: Failed to connect to MPD: Connection refused
[2021-12-16 17:26:13.388] [error] mpd: Failed to connect to MPD: Connection refused
[2021-12-16 17:26:23.390] [error] mpd: Failed to connect to MPD: Connection refused
[2021-12-16 17:26:33.391] [error] mpd: Failed to connect to MPD: Connection refused
[2021-12-16 17:26:43.393] [error] mpd: Failed to connect to MPD: Connection refused
[2021-12-16 17:26:53.395] [error] mpd: Failed to connect to MPD: Connection refused
[2021-12-16 17:27:03.397] [error] mpd: Failed to connect to MPD: Connection refused
[2021-12-16 17:27:13.400] [error] mpd: Failed to connect to MPD: Connection refused
[2021-12-16 17:27:23.402] [error] mpd: Failed to connect to MPD: Connection refused
[2021-12-16 17:27:33.403] [error] mpd: Failed to connect to MPD: Connection refused
[2021-12-16 17:27:43.404] [error] mpd: Failed to connect to MPD: Connection refused
[2021-12-16 17:27:53.406] [error] mpd: Failed to connect to MPD: Connection refused
[2021-12-16 17:28:03.408] [error] mpd: Failed to connect to MPD: Connection refused
[2021-12-16 17:28:13.408] [error] mpd: Failed to connect to MPD: Connection refused
[2021-12-16 17:28:23.410] [error] mpd: Failed to connect to MPD: Connection refused
[2021-12-16 17:28:33.411] [error] mpd: Failed to connect to MPD: Connection refused
[2021-12-16 17:28:43.413] [error] mpd: Failed to connect to MPD: Connection refused
[2021-12-16 17:28:53.415] [error] mpd: Failed to connect to MPD: Connection refused
[2021-12-16 17:29:03.416] [error] mpd: Failed to connect to MPD: Connection refused
[2021-12-16 17:29:13.418] [error] mpd: Failed to connect to MPD: Connection refused
[2021-12-16 17:29:23.419] [error] mpd: Failed to connect to MPD: Connection refused
[2021-12-16 17:29:33.421] [error] mpd: Failed to connect to MPD: Connection refused
[2021-12-16 17:29:43.421] [error] mpd: Failed to connect to MPD: Connection refused
[2021-12-16 17:29:53.424] [error] mpd: Failed to connect to MPD: Connection refused
[2021-12-16 17:30:03.425] [error] mpd: Failed to connect to MPD: Connection refused
[2021-12-16 17:30:13.427] [error] mpd: Failed to connect to MPD: Connection refused
[2021-12-16 17:30:23.429] [error] mpd: Failed to connect to MPD: Connection refused
[2021-12-16 17:30:33.431] [error] mpd: Failed to connect to MPD: Connection refused
[2021-12-16 17:30:43.433] [error] mpd: Failed to connect to MPD: Connection refused
[2021-12-16 17:30:53.435] [error] mpd: Failed to connect to MPD: Connection refused
[2021-12-16 17:31:03.437] [error] mpd: Failed to connect to MPD: Connection refused
[2021-12-16 17:31:13.438] [error] mpd: Failed to connect to MPD: Connection refused
[2021-12-16 17:31:23.440] [error] mpd: Failed to connect to MPD: Connection refused
[2021-12-16 17:31:33.442] [error] mpd: Failed to connect to MPD: Connection refused
[2021-12-16 17:31:43.444] [error] mpd: Failed to connect to MPD: Connection refused
[2021-12-16 17:31:53.445] [error] mpd: Failed to connect to MPD: Connection refused
[2021-12-16 17:32:03.447] [error] mpd: Failed to connect to MPD: Connection refused
[2021-12-16 17:32:13.449] [error] mpd: Failed to connect to MPD: Connection refused
[2021-12-16 17:32:23.451] [error] mpd: Failed to connect to MPD: Connection refused
[2021-12-16 17:32:33.453] [error] mpd: Failed to connect to MPD: Connection refused
[2021-12-16 17:32:43.455] [error] mpd: Failed to connect to MPD: Connection refused
[2021-12-16 17:32:53.458] [error] mpd: Failed to connect to MPD: Connection refused
[2021-12-16 17:33:03.460] [error] mpd: Failed to connect to MPD: Connection refused
[2021-12-16 17:33:13.460] [error] mpd: Failed to connect to MPD: Connection refused
[2021-12-16 17:33:23.463] [error] mpd: Failed to connect to MPD: Connection refused
[2021-12-16 17:33:33.465] [error] mpd: Failed to connect to MPD: Connection refused
[2021-12-16 17:33:43.467] [error] mpd: Failed to connect to MPD: Connection refused
[2021-12-16 17:33:53.468] [error] mpd: Failed to connect to MPD: Connection refused
[2021-12-16 17:34:03.470] [error] mpd: Failed to connect to MPD: Connection refused
[2021-12-16 17:34:13.472] [error] mpd: Failed to connect to MPD: Connection refused
[2021-12-16 17:34:23.474] [error] mpd: Failed to connect to MPD: Connection refused
[2021-12-16 17:34:33.477] [error] mpd: Failed to connect to MPD: Connection refused
[2021-12-16 17:34:43.478] [error] mpd: Failed to connect to MPD: Connection refused
[2021-12-16 17:34:53.480] [error] mpd: Failed to connect to MPD: Connection refused
[2021-12-16 17:35:03.481] [error] mpd: Failed to connect to MPD: Connection refused
[2021-12-16 17:35:13.483] [error] mpd: Failed to connect to MPD: Connection refused
[2021-12-16 17:35:23.484] [error] mpd: Failed to connect to MPD: Connection refused
[2021-12-16 17:35:33.486] [error] mpd: Failed to connect to MPD: Connection refused
[2021-12-16 17:35:43.488] [error] mpd: Failed to connect to MPD: Connection refused
[2021-12-16 17:35:53.490] [error] mpd: Failed to connect to MPD: Connection refused
[2021-12-16 17:36:03.492] [error] mpd: Failed to connect to MPD: Connection refused
[2021-12-16 17:36:13.495] [error] mpd: Failed to connect to MPD: Connection refused
[2021-12-16 17:36:23.496] [error] mpd: Failed to connect to MPD: Connection refused
[2021-12-16 17:36:33.498] [error] mpd: Failed to connect to MPD: Connection refused
[2021-12-16 17:36:43.500] [error] mpd: Failed to connect to MPD: Connection refused
[2021-12-16 17:36:53.501] [error] mpd: Failed to connect to MPD: Connection refused
[2021-12-16 17:37:03.503] [error] mpd: Failed to connect to MPD: Connection refused
[2021-12-16 17:37:13.505] [error] mpd: Failed to connect to MPD: Connection refused
[2021-12-16 17:37:23.507] [error] mpd: Failed to connect to MPD: Connection refused
[2021-12-16 17:37:33.509] [error] mpd: Failed to connect to MPD: Connection refused
[2021-12-16 17:37:43.511] [error] mpd: Failed to connect to MPD: Connection refused
[2021-12-16 17:37:53.512] [error] mpd: Failed to connect to MPD: Connection refused
[2021-12-16 17:38:03.515] [error] mpd: Failed to connect to MPD: Connection refused
[2021-12-16 17:38:13.517] [error] mpd: Failed to connect to MPD: Connection refused
[2021-12-16 17:38:23.518] [error] mpd: Failed to connect to MPD: Connection refused
[2021-12-16 17:38:33.520] [error] mpd: Failed to connect to MPD: Connection refused
[2021-12-16 17:38:43.522] [error] mpd: Failed to connect to MPD: Connection refused
[2021-12-16 17:38:53.524] [error] mpd: Failed to connect to MPD: Connection refused
[2021-12-16 17:39:03.526] [error] mpd: Failed to connect to MPD: Connection refused
[2021-12-16 17:39:13.528] [error] mpd: Failed to connect to MPD: Connection refused
[2021-12-16 17:39:23.530] [error] mpd: Failed to connect to MPD: Connection refused
[2021-12-16 17:39:33.532] [error] mpd: Failed to connect to MPD: Connection refused
[2021-12-16 17:39:43.535] [error] mpd: Failed to connect to MPD: Connection refused
[2021-12-16 17:39:53.537] [error] mpd: Failed to connect to MPD: Connection refused
[2021-12-16 17:40:03.538] [error] mpd: Failed to connect to MPD: Connection refused
[2021-12-16 17:40:13.540] [error] mpd: Failed to connect to MPD: Connection refused
[2021-12-16 17:40:23.541] [error] mpd: Failed to connect to MPD: Connection refused
[2021-12-16 17:40:33.543] [error] mpd: Failed to connect to MPD: Connection refused
[2021-12-16 17:40:43.545] [error] mpd: Failed to connect to MPD: Connection refused
[2021-12-16 17:40:53.547] [error] mpd: Failed to connect to MPD: Connection refused
[2021-12-16 17:41:03.548] [error] mpd: Failed to connect to MPD: Connection refused
[2021-12-16 17:41:13.550] [error] mpd: Failed to connect to MPD: Connection refused
[2021-12-16 17:41:23.553] [error] mpd: Failed to connect to MPD: Connection refused
[2021-12-16 17:41:33.555] [error] mpd: Failed to connect to MPD: Connection refused
[2021-12-16 17:41:43.557] [error] mpd: Failed to connect to MPD: Connection refused
[2021-12-16 17:41:53.559] [error] mpd: Failed to connect to MPD: Connection refused
[2021-12-16 17:42:03.561] [error] mpd: Failed to connect to MPD: Connection refused
[2021-12-16 17:42:13.563] [error] mpd: Failed to connect to MPD: Connection refused
[2021-12-16 17:42:23.565] [error] mpd: Failed to connect to MPD: Connection refused
[2021-12-16 17:42:33.567] [error] mpd: Failed to connect to MPD: Connection refused
[2021-12-16 17:42:43.568] [error] mpd: Failed to connect to MPD: Connection refused
[2021-12-16 17:42:53.570] [error] mpd: Failed to connect to MPD: Connection refused
[2021-12-16 17:43:03.572] [error] mpd: Failed to connect to MPD: Connection refused
[2021-12-16 17:43:13.575] [error] mpd: Failed to connect to MPD: Connection refused
[2021-12-16 17:43:23.577] [error] mpd: Failed to connect to MPD: Connection refused
[2021-12-16 17:43:33.578] [error] mpd: Failed to connect to MPD: Connection refused
[2021-12-16 17:43:43.580] [error] mpd: Failed to connect to MPD: Connection refused
[2021-12-16 17:43:53.581] [error] mpd: Failed to connect to MPD: Connection refused
[2021-12-16 17:44:03.583] [error] mpd: Failed to connect to MPD: Connection refused
[2021-12-16 17:44:13.585] [error] mpd: Failed to connect to MPD: Connection refused
[2021-12-16 17:44:23.587] [error] mpd: Failed to connect to MPD: Connection refused
[2021-12-16 17:44:33.589] [error] mpd: Failed to connect to MPD: Connection refused
[2021-12-16 17:44:43.591] [error] mpd: Failed to connect to MPD: Connection refused
[2021-12-16 17:44:53.593] [error] mpd: Failed to connect to MPD: Connection refused
[2021-12-16 17:45:03.596] [error] mpd: Failed to connect to MPD: Connection refused
[2021-12-16 17:45:13.598] [error] mpd: Failed to connect to MPD: Connection refused
[2021-12-16 17:45:23.600] [error] mpd: Failed to connect to MPD: Connection refused
[2021-12-16 17:45:33.602] [error] mpd: Failed to connect to MPD: Connection refused
[2021-12-16 17:45:43.604] [error] mpd: Failed to connect to MPD: Connection refused
[2021-12-16 17:45:53.604] [error] mpd: Failed to connect to MPD: Connection refused
[2021-12-16 17:46:03.607] [error] mpd: Failed to connect to MPD: Connection refused
[2021-12-16 17:46:13.609] [error] mpd: Failed to connect to MPD: Connection refused
[2021-12-16 17:46:23.611] [error] mpd: Failed to connect to MPD: Connection refused
[2021-12-16 17:46:33.613] [error] mpd: Failed to connect to MPD: Connection refused
[2021-12-16 17:46:43.615] [error] mpd: Failed to connect to MPD: Connection refused
[2021-12-16 17:46:53.617] [error] mpd: Failed to connect to MPD: Connection refused
[2021-12-16 17:47:03.620] [error] mpd: Failed to connect to MPD: Connection refused
[2021-12-16 17:47:13.621] [error] mpd: Failed to connect to MPD: Connection refused
[2021-12-16 17:47:23.624] [error] mpd: Failed to connect to MPD: Connection refused
[2021-12-16 17:47:33.626] [error] mpd: Failed to connect to MPD: Connection refused
[2021-12-16 17:47:43.628] [error] mpd: Failed to connect to MPD: Connection refused
[2021-12-16 17:47:53.630] [error] mpd: Failed to connect to MPD: Connection refused
[2021-12-16 17:48:03.631] [error] mpd: Failed to connect to MPD: Connection refused
[2021-12-16 17:48:13.633] [error] mpd: Failed to connect to MPD: Connection refused
[2021-12-16 17:48:23.634] [error] mpd: Failed to connect to MPD: Connection refused
[2021-12-16 17:48:33.637] [error] mpd: Failed to connect to MPD: Connection refused
[2021-12-16 17:48:43.638] [error] mpd: Failed to connect to MPD: Connection refused
[2021-12-16 17:48:53.640] [error] mpd: Failed to connect to MPD: Connection refused
[2021-12-16 17:49:03.642] [error] mpd: Failed to connect to MPD: Connection refused
[2021-12-16 17:49:13.644] [error] mpd: Failed to connect to MPD: Connection refused
[2021-12-16 17:49:23.646] [error] mpd: Failed to connect to MPD: Connection refused
[2021-12-16 17:49:33.648] [error] mpd: Failed to connect to MPD: Connection refused
[2021-12-16 17:49:43.650] [error] mpd: Failed to connect to MPD: Connection refused
[2021-12-16 17:49:53.651] [error] mpd: Failed to connect to MPD: Connection refused
[2021-12-16 17:50:03.653] [error] mpd: Failed to connect to MPD: Connection refused
[2021-12-16 17:50:13.656] [error] mpd: Failed to connect to MPD: Connection refused
[2021-12-16 17:50:23.658] [error] mpd: Failed to connect to MPD: Connection refused
[2021-12-16 17:50:33.660] [error] mpd: Failed to connect to MPD: Connection refused
[2021-12-16 17:50:43.662] [error] mpd: Failed to connect to MPD: Connection refused
[2021-12-16 17:50:53.664] [error] mpd: Failed to connect to MPD: Connection refused
[2021-12-16 17:51:03.666] [error] mpd: Failed to connect to MPD: Connection refused
[2021-12-16 17:51:13.668] [error] mpd: Failed to connect to MPD: Connection refused
[2021-12-16 17:51:23.670] [error] mpd: Failed to connect to MPD: Connection refused
[2021-12-16 17:51:33.672] [error] mpd: Failed to connect to MPD: Connection refused
[2021-12-16 17:51:43.674] [error] mpd: Failed to connect to MPD: Connection refused
[2021-12-16 17:51:53.676] [error] mpd: Failed to connect to MPD: Connection refused
[2021-12-16 17:52:03.678] [error] mpd: Failed to connect to MPD: Connection refused
[2021-12-16 17:52:13.681] [error] mpd: Failed to connect to MPD: Connection refused
[2021-12-16 17:52:23.683] [error] mpd: Failed to connect to MPD: Connection refused
[2021-12-16 17:52:33.685] [error] mpd: Failed to connect to MPD: Connection refused
[2021-12-16 17:52:43.687] [error] mpd: Failed to connect to MPD: Connection refused
[2021-12-16 17:52:53.689] [error] mpd: Failed to connect to MPD: Connection refused
[2021-12-16 17:53:03.691] [error] mpd: Failed to connect to MPD: Connection refused
[2021-12-16 17:53:13.693] [error] mpd: Failed to connect to MPD: Connection refused
[2021-12-16 17:53:23.695] [error] mpd: Failed to connect to MPD: Connection refused
[2021-12-16 17:53:33.697] [error] mpd: Failed to connect to MPD: Connection refused
[2021-12-16 17:53:43.698] [error] mpd: Failed to connect to MPD: Connection refused
[2021-12-16 17:53:53.701] [error] mpd: Failed to connect to MPD: Connection refused
[2021-12-16 17:54:03.702] [error] mpd: Failed to connect to MPD: Connection refused
[2021-12-16 17:54:13.704] [error] mpd: Failed to connect to MPD: Connection refused
[2021-12-16 17:54:23.706] [error] mpd: Failed to connect to MPD: Connection refused
[2021-12-16 17:54:33.708] [error] mpd: Failed to connect to MPD: Connection refused
[2021-12-16 17:54:43.710] [error] mpd: Failed to connect to MPD: Connection refused
[2021-12-16 17:54:53.712] [error] mpd: Failed to connect to MPD: Connection refused
[2021-12-16 17:55:03.714] [error] mpd: Failed to connect to MPD: Connection refused
[2021-12-16 17:55:13.717] [error] mpd: Failed to connect to MPD: Connection refused
[2021-12-16 17:55:23.718] [error] mpd: Failed to connect to MPD: Connection refused
[2021-12-16 17:55:33.718] [error] mpd: Failed to connect to MPD: Connection refused
[2021-12-16 17:55:43.721] [error] mpd: Failed to connect to MPD: Connection refused
[2021-12-16 17:55:53.722] [error] mpd: Failed to connect to MPD: Connection refused
[2021-12-16 17:56:03.723] [error] mpd: Failed to connect to MPD: Connection refused
[2021-12-16 17:56:13.723] [error] mpd: Failed to connect to MPD: Connection refused
[2021-12-16 17:56:23.724] [error] mpd: Failed to connect to MPD: Connection refused
[2021-12-16 17:56:33.727] [error] mpd: Failed to connect to MPD: Connection refused
[2021-12-16 17:56:43.728] [error] mpd: Failed to connect to MPD: Connection refused
[2021-12-16 17:56:53.730] [error] mpd: Failed to connect to MPD: Connection refused
[2021-12-16 17:57:03.731] [error] mpd: Failed to connect to MPD: Connection refused
[2021-12-16 17:57:13.734] [error] mpd: Failed to connect to MPD: Connection refused
[2021-12-16 17:57:23.734] [error] mpd: Failed to connect to MPD: Connection refused
[2021-12-16 17:57:33.737] [error] mpd: Failed to connect to MPD: Connection refused
[2021-12-16 17:57:43.738] [error] mpd: Failed to connect to MPD: Connection refused
[2021-12-16 17:57:53.740] [error] mpd: Failed to connect to MPD: Connection refused
[2021-12-16 17:58:03.742] [error] mpd: Failed to connect to MPD: Connection refused
[2021-12-16 17:58:13.744] [error] mpd: Failed to connect to MPD: Connection refused
[2021-12-16 17:58:23.746] [error] mpd: Failed to connect to MPD: Connection refused
[2021-12-16 17:58:33.748] [error] mpd: Failed to connect to MPD: Connection refused
[2021-12-16 17:58:43.751] [error] mpd: Failed to connect to MPD: Connection refused
[2021-12-16 17:58:53.751] [error] mpd: Failed to connect to MPD: Connection refused
[2021-12-16 17:59:03.754] [error] mpd: Failed to connect to MPD: Connection refused
[2021-12-16 17:59:13.756] [error] mpd: Failed to connect to MPD: Connection refused
[2021-12-16 17:59:23.757] [error] mpd: Failed to connect to MPD: Connection refused
[2021-12-16 17:59:33.759] [error] mpd: Failed to connect to MPD: Connection refused
[2021-12-16 17:59:43.761] [error] mpd: Failed to connect to MPD: Connection refused
[2021-12-16 17:59:53.763] [error] mpd: Failed to connect to MPD: Connection refused
[2021-12-16 18:00:03.764] [error] mpd: Failed to connect to MPD: Connection refused
[2021-12-16 18:00:13.766] [error] mpd: Failed to connect to MPD: Connection refused
[2021-12-16 18:00:23.768] [error] mpd: Failed to connect to MPD: Connection refused
[2021-12-16 18:00:33.771] [error] mpd: Failed to connect to MPD: Connection refused
[2021-12-16 18:00:43.773] [error] mpd: Failed to connect to MPD: Connection refused
[2021-12-16 18:00:53.774] [error] mpd: Failed to connect to MPD: Connection refused
[2021-12-16 18:01:03.777] [error] mpd: Failed to connect to MPD: Connection refused
[2021-12-16 18:01:13.778] [error] mpd: Failed to connect to MPD: Connection refused
[2021-12-16 18:01:23.780] [error] mpd: Failed to connect to MPD: Connection refused
[2021-12-16 18:01:33.782] [error] mpd: Failed to connect to MPD: Connection refused
[2021-12-16 18:01:43.784] [error] mpd: Failed to connect to MPD: Connection refused
[2021-12-16 18:01:53.786] [error] mpd: Failed to connect to MPD: Connection refused
[2021-12-16 18:02:03.788] [error] mpd: Failed to connect to MPD: Connection refused
[2021-12-16 18:02:13.791] [error] mpd: Failed to connect to MPD: Connection refused
[2021-12-16 18:02:23.792] [error] mpd: Failed to connect to MPD: Connection refused
[2021-12-16 18:02:33.794] [error] mpd: Failed to connect to MPD: Connection refused
[2021-12-16 18:02:43.797] [error] mpd: Failed to connect to MPD: Connection refused
[2021-12-16 18:02:53.798] [error] mpd: Failed to connect to MPD: Connection refused
[2021-12-16 18:03:03.800] [error] mpd: Failed to connect to MPD: Connection refused
[2021-12-16 18:03:13.802] [error] mpd: Failed to connect to MPD: Connection refused
[2021-12-16 18:03:23.804] [error] mpd: Failed to connect to MPD: Connection refused
[2021-12-16 18:03:33.806] [error] mpd: Failed to connect to MPD: Connection refused
[2021-12-16 18:03:43.808] [error] mpd: Failed to connect to MPD: Connection refused
[2021-12-16 18:03:53.809] [error] mpd: Failed to connect to MPD: Connection refused
[2021-12-16 18:04:03.811] [error] mpd: Failed to connect to MPD: Connection refused
[2021-12-16 18:04:13.814] [error] mpd: Failed to connect to MPD: Connection refused
[2021-12-16 18:04:23.814] [error] mpd: Failed to connect to MPD: Connection refused
[2021-12-16 18:04:33.817] [error] mpd: Failed to connect to MPD: Connection refused
[2021-12-16 18:04:43.819] [error] mpd: Failed to connect to MPD: Connection refused
[2021-12-16 18:04:53.821] [error] mpd: Failed to connect to MPD: Connection refused
[2021-12-16 18:05:03.823] [error] mpd: Failed to connect to MPD: Connection refused
[2021-12-16 18:05:13.825] [error] mpd: Failed to connect to MPD: Connection refused
[2021-12-16 18:05:23.828] [error] mpd: Failed to connect to MPD: Connection refused
[2021-12-16 18:05:33.830] [error] mpd: Failed to connect to MPD: Connection refused
[2021-12-16 18:05:43.832] [error] mpd: Failed to connect to MPD: Connection refused
[2021-12-16 18:05:53.834] [error] mpd: Failed to connect to MPD: Connection refused
[2021-12-16 18:06:03.836] [error] mpd: Failed to connect to MPD: Connection refused
[2021-12-16 18:06:13.838] [error] mpd: Failed to connect to MPD: Connection refused
[2021-12-16 18:06:23.840] [error] mpd: Failed to connect to MPD: Connection refused
[2021-12-16 18:06:33.842] [error] mpd: Failed to connect to MPD: Connection refused
[2021-12-16 18:06:43.844] [error] mpd: Failed to connect to MPD: Connection refused
[2021-12-16 18:06:53.846] [error] mpd: Failed to connect to MPD: Connection refused
[2021-12-16 18:07:03.848] [error] mpd: Failed to connect to MPD: Connection refused
[2021-12-16 18:07:13.851] [error] mpd: Failed to connect to MPD: Connection refused
[2021-12-16 18:07:23.851] [error] mpd: Failed to connect to MPD: Connection refused
[2021-12-16 18:07:33.854] [error] mpd: Failed to connect to MPD: Connection refused
[2021-12-16 18:07:43.856] [error] mpd: Failed to connect to MPD: Connection refused
[2021-12-16 18:07:53.858] [error] mpd: Failed to connect to MPD: Connection refused
[2021-12-16 18:08:03.860] [error] mpd: Failed to connect to MPD: Connection refused
[2021-12-16 18:08:13.861] [error] mpd: Failed to connect to MPD: Connection refused
[2021-12-16 18:08:23.863] [error] mpd: Failed to connect to MPD: Connection refused
[2021-12-16 18:08:33.864] [error] mpd: Failed to connect to MPD: Connection refused
[2021-12-16 18:08:43.866] [error] mpd: Failed to connect to MPD: Connection refused
[2021-12-16 18:08:53.868] [error] mpd: Failed to connect to MPD: Connection refused
[2021-12-16 18:09:03.871] [error] mpd: Failed to connect to MPD: Connection refused
[2021-12-16 18:09:13.871] [error] mpd: Failed to connect to MPD: Connection refused
[2021-12-16 18:09:23.874] [error] mpd: Failed to connect to MPD: Connection refused
[2021-12-16 18:09:33.875] [error] mpd: Failed to connect to MPD: Connection refused
[2021-12-16 18:09:43.877] [error] mpd: Failed to connect to MPD: Connection refused
[2021-12-16 18:09:53.879] [error] mpd: Failed to connect to MPD: Connection refused
[2021-12-16 18:10:03.881] [error] mpd: Failed to connect to MPD: Connection refused
[2021-12-16 18:10:13.883] [error] mpd: Failed to connect to MPD: Connection refused
[2021-12-16 18:10:23.886] [error] mpd: Failed to connect to MPD: Connection refused
[2021-12-16 18:10:33.889] [error] mpd: Failed to connect to MPD: Connection refused
[2021-12-16 18:10:43.891] [error] mpd: Failed to connect to MPD: Connection refused
[2021-12-16 18:10:53.893] [error] mpd: Failed to connect to MPD: Connection refused
[2021-12-16 18:11:03.895] [error] mpd: Failed to connect to MPD: Connection refused
[2021-12-16 18:11:13.897] [error] mpd: Failed to connect to MPD: Connection refused
[2021-12-16 18:11:23.898] [error] mpd: Failed to connect to MPD: Connection refused
[2021-12-16 18:11:33.900] [error] mpd: Failed to connect to MPD: Connection refused
[2021-12-16 18:11:43.902] [error] mpd: Failed to connect to MPD: Connection refused
[2021-12-16 18:11:53.904] [error] mpd: Failed to connect to MPD: Connection refused
[2021-12-16 18:12:03.906] [error] mpd: Failed to connect to MPD: Connection refused
[2021-12-16 18:12:13.909] [error] mpd: Failed to connect to MPD: Connection refused
[2021-12-16 18:12:23.911] [error] mpd: Failed to connect to MPD: Connection refused
[2021-12-16 18:12:33.914] [error] mpd: Failed to connect to MPD: Connection refused
[2021-12-16 18:22:54.510] [error] mpd: Failed to connect to MPD: Connection refused
[2021-12-16 18:23:04.512] [error] mpd: Failed to connect to MPD: Connection refused
[2021-12-16 18:23:14.516] [error] mpd: Failed to connect to MPD: Connection refused
[2021-12-16 18:23:24.518] [error] mpd: Failed to connect to MPD: Connection refused
[2021-12-16 18:23:34.519] [error] mpd: Failed to connect to MPD: Connection refused
[2021-12-16 18:23:44.521] [error] mpd: Failed to connect to MPD: Connection refused
[2021-12-16 18:23:54.523] [error] mpd: Failed to connect to MPD: Connection refused
[2021-12-16 18:24:04.525] [error] mpd: Failed to connect to MPD: Connection refused
[2021-12-16 18:24:14.526] [error] mpd: Failed to connect to MPD: Connection refused
[2021-12-16 18:24:24.528] [error] mpd: Failed to connect to MPD: Connection refused
[2021-12-16 18:24:34.530] [error] mpd: Failed to connect to MPD: Connection refused
[2021-12-16 18:24:44.533] [error] mpd: Failed to connect to MPD: Connection refused
[2021-12-16 18:24:54.536] [error] mpd: Failed to connect to MPD: Connection refused
[2021-12-16 18:25:04.540] [error] mpd: Failed to connect to MPD: Connection refused
[2021-12-16 18:25:14.541] [error] mpd: Failed to connect to MPD: Connection refused
[2021-12-16 18:25:24.543] [error] mpd: Failed to connect to MPD: Connection refused
[2021-12-16 18:25:34.546] [error] mpd: Failed to connect to MPD: Connection refused
[2021-12-16 18:25:44.549] [error] mpd: Failed to connect to MPD: Connection refused
[2021-12-16 18:25:54.552] [error] mpd: Failed to connect to MPD: Connection refused
[2021-12-16 18:26:04.554] [error] mpd: Failed to connect to MPD: Connection refused
[2021-12-16 18:26:14.555] [error] mpd: Failed to connect to MPD: Connection refused
[2021-12-16 18:26:24.556] [error] mpd: Failed to connect to MPD: Connection refused
[2021-12-16 18:26:34.558] [error] mpd: Failed to connect to MPD: Connection refused
[2021-12-16 18:26:44.561] [error] mpd: Failed to connect to MPD: Connection refused
Gdk-Message: 18:26:49.884: Error reading events from display: Broken pipe
